<?xml version="1.0" encoding="UTF-8"?>
<testsuite xmlns:xsi="http://www.w3.org/2001/XMLSchema-instance" xsi:noNamespaceSchemaLocation="https://maven.apache.org/surefire/maven-surefire-plugin/xsd/surefire-test-report.xsd" name="praktikum.AuthTests" time="8.553" tests="16" errors="16" skipped="0" failures="0">
  <properties>
[...]
</properties>
  <testcase name="authFromLinkToProfileIsSuccess[Browser chrome]" classname="praktikum.AuthTests" time="4.233">
    <error message="Could not start a new session. Response code 500. Message: session not created: This version of ChromeDriver only supports Chrome version 127&#10;Current browser version is 130.0.6723.70 with binary path C:\Program Files\Google\Chrome\Application\chrome.exe &#10;Host info: host: &apos;LAPTOP-1EDPGQOO&apos;, ip: &apos;192.168.136.1&apos;&#10;Build info: version: &apos;4.11.0&apos;, revision: &apos;040bc5406b&apos;&#10;System info: os.name: &apos;Windows 11&apos;, os.arch: &apos;amd64&apos;, os.version: &apos;10.0&apos;, java.version: &apos;17.0.4.1&apos;&#10;Driver info: org.openqa.selenium.chrome.ChromeDriver&#10;Command: [null, newSession {capabilities=[Capabilities {browserName: chrome, goog:chromeOptions: {args: [--remote-allow-origins=*, --no-sandbox, --disable-dev-shm-usage, --headless], extensions: []}}]}]" type="org.openqa.selenium.SessionNotCreatedException">org.openqa.selenium.SessionNotCreatedException: 
Could not start a new session. Response code 500. Message: session not created: This version of ChromeDriver only supports Chrome version 127
Current browser version is 130.0.6723.70 with binary path C:\Program Files\Google\Chrome\Application\chrome.exe 
Host info: host: 'LAPTOP-1EDPGQOO', ip: '192.168.136.1'
Build info: version: '4.11.0', revision: '040bc5406b'
System info: os.name: 'Windows 11', os.arch: 'amd64', os.version: '10.0', java.version: '17.0.4.1'
Driver info: org.openqa.selenium.chrome.ChromeDriver
Command: [null, newSession {capabilities=[Capabilities {browserName: chrome, goog:chromeOptions: {args: [--remote-allow-origins=*, --no-sandbox, --disable-dev-shm-usage, --headless], extensions: []}}]}]
	at praktikum.AuthTests.startUp(AuthTests.java:52)
</error>
    <system-err><![CDATA[SLF4J: Failed to load class "org.slf4j.impl.StaticLoggerBinder".
SLF4J: Defaulting to no-operation (NOP) logger implementation
SLF4J: See http://www.slf4j.org/codes.html#StaticLoggerBinder for further details.
]]></system-err>
  </testcase>
  <testcase name="authFromLinkToProfileIsSuccess[Browser chrome]" classname="praktikum.AuthTests" time="4.233">
    <error message="Cannot invoke &quot;org.openqa.selenium.WebDriver.quit()&quot; because &quot;this.webDriver&quot; is null" type="java.lang.NullPointerException">java.lang.NullPointerException: Cannot invoke "org.openqa.selenium.WebDriver.quit()" because "this.webDriver" is null
	at praktikum.AuthTests.tearDown(AuthTests.java:74)
</error>
  </testcase>
  <testcase name="authFromMainIsSuccess[Browser chrome]" classname="praktikum.AuthTests" time="0.884">
    <error message="Could not start a new session. Response code 500. Message: session not created: This version of ChromeDriver only supports Chrome version 127&#10;Current browser version is 130.0.6723.70 with binary path C:\Program Files\Google\Chrome\Application\chrome.exe &#10;Host info: host: &apos;LAPTOP-1EDPGQOO&apos;, ip: &apos;192.168.136.1&apos;&#10;Build info: version: &apos;4.11.0&apos;, revision: &apos;040bc5406b&apos;&#10;System info: os.name: &apos;Windows 11&apos;, os.arch: &apos;amd64&apos;, os.version: &apos;10.0&apos;, java.version: &apos;17.0.4.1&apos;&#10;Driver info: org.openqa.selenium.chrome.ChromeDriver&#10;Command: [null, newSession {capabilities=[Capabilities {browserName: chrome, goog:chromeOptions: {args: [--remote-allow-origins=*, --no-sandbox, --disable-dev-shm-usage, --headless], extensions: []}}]}]" type="org.openqa.selenium.SessionNotCreatedException">org.openqa.selenium.SessionNotCreatedException: 
Could not start a new session. Response code 500. Message: session not created: This version of ChromeDriver only supports Chrome version 127
Current browser version is 130.0.6723.70 with binary path C:\Program Files\Google\Chrome\Application\chrome.exe 
Host info: host: 'LAPTOP-1EDPGQOO', ip: '192.168.136.1'
Build info: version: '4.11.0', revision: '040bc5406b'
System info: os.name: 'Windows 11', os.arch: 'amd64', os.version: '10.0', java.version: '17.0.4.1'
Driver info: org.openqa.selenium.chrome.ChromeDriver
Command: [null, newSession {capabilities=[Capabilities {browserName: chrome, goog:chromeOptions: {args: [--remote-allow-origins=*, --no-sandbox, --disable-dev-shm-usage, --headless], extensions: []}}]}]
	at praktikum.AuthTests.startUp(AuthTests.java:52)
</error>
  </testcase>
  <testcase name="authFromMainIsSuccess[Browser chrome]" classname="praktikum.AuthTests" time="0.884">
    <error message="Cannot invoke &quot;org.openqa.selenium.WebDriver.quit()&quot; because &quot;this.webDriver&quot; is null" type="java.lang.NullPointerException">java.lang.NullPointerException: Cannot invoke "org.openqa.selenium.WebDriver.quit()" because "this.webDriver" is null
	at praktikum.AuthTests.tearDown(AuthTests.java:74)
</error>
  </testcase>
  <testcase name="authLinkFromRegFormIsSuccess[Browser chrome]" classname="praktikum.AuthTests" time="0.841">
    <error message="Could not start a new session. Response code 500. Message: session not created: This version of ChromeDriver only supports Chrome version 127&#10;Current browser version is 130.0.6723.70 with binary path C:\Program Files\Google\Chrome\Application\chrome.exe &#10;Host info: host: &apos;LAPTOP-1EDPGQOO&apos;, ip: &apos;192.168.136.1&apos;&#10;Build info: version: &apos;4.11.0&apos;, revision: &apos;040bc5406b&apos;&#10;System info: os.name: &apos;Windows 11&apos;, os.arch: &apos;amd64&apos;, os.version: &apos;10.0&apos;, java.version: &apos;17.0.4.1&apos;&#10;Driver info: org.openqa.selenium.chrome.ChromeDriver&#10;Command: [null, newSession {capabilities=[Capabilities {browserName: chrome, goog:chromeOptions: {args: [--remote-allow-origins=*, --no-sandbox, --disable-dev-shm-usage, --headless], extensions: []}}]}]" type="org.openqa.selenium.SessionNotCreatedException">org.openqa.selenium.SessionNotCreatedException: 
Could not start a new session. Response code 500. Message: session not created: This version of ChromeDriver only supports Chrome version 127
Current browser version is 130.0.6723.70 with binary path C:\Program Files\Google\Chrome\Application\chrome.exe 
Host info: host: 'LAPTOP-1EDPGQOO', ip: '192.168.136.1'
Build info: version: '4.11.0', revision: '040bc5406b'
System info: os.name: 'Windows 11', os.arch: 'amd64', os.version: '10.0', java.version: '17.0.4.1'
Driver info: org.openqa.selenium.chrome.ChromeDriver
Command: [null, newSession {capabilities=[Capabilities {browserName: chrome, goog:chromeOptions: {args: [--remote-allow-origins=*, --no-sandbox, --disable-dev-shm-usage, --headless], extensions: []}}]}]
	at praktikum.AuthTests.startUp(AuthTests.java:52)
</error>
  </testcase>
  <testcase name="authLinkFromRegFormIsSuccess[Browser chrome]" classname="praktikum.AuthTests" time="0.841">
    <error message="Cannot invoke &quot;org.openqa.selenium.WebDriver.quit()&quot; because &quot;this.webDriver&quot; is null" type="java.lang.NullPointerException">java.lang.NullPointerException: Cannot invoke "org.openqa.selenium.WebDriver.quit()" because "this.webDriver" is null
	at praktikum.AuthTests.tearDown(AuthTests.java:74)
</error>
  </testcase>
  <testcase name="authLinkFromForgotPasswordFormIsSuccess[Browser chrome]" classname="praktikum.AuthTests" time="0.85">
    <error message="Could not start a new session. Response code 500. Message: session not created: This version of ChromeDriver only supports Chrome version 127&#10;Current browser version is 130.0.6723.70 with binary path C:\Program Files\Google\Chrome\Application\chrome.exe &#10;Host info: host: &apos;LAPTOP-1EDPGQOO&apos;, ip: &apos;192.168.136.1&apos;&#10;Build info: version: &apos;4.11.0&apos;, revision: &apos;040bc5406b&apos;&#10;System info: os.name: &apos;Windows 11&apos;, os.arch: &apos;amd64&apos;, os.version: &apos;10.0&apos;, java.version: &apos;17.0.4.1&apos;&#10;Driver info: org.openqa.selenium.chrome.ChromeDriver&#10;Command: [null, newSession {capabilities=[Capabilities {browserName: chrome, goog:chromeOptions: {args: [--remote-allow-origins=*, --no-sandbox, --disable-dev-shm-usage, --headless], extensions: []}}]}]" type="org.openqa.selenium.SessionNotCreatedException">org.openqa.selenium.SessionNotCreatedException: 
Could not start a new session. Response code 500. Message: session not created: This version of ChromeDriver only supports Chrome version 127
Current browser version is 130.0.6723.70 with binary path C:\Program Files\Google\Chrome\Application\chrome.exe 
Host info: host: 'LAPTOP-1EDPGQOO', ip: '192.168.136.1'
Build info: version: '4.11.0', revision: '040bc5406b'
System info: os.name: 'Windows 11', os.arch: 'amd64', os.version: '10.0', java.version: '17.0.4.1'
Driver info: org.openqa.selenium.chrome.ChromeDriver
Command: [null, newSession {capabilities=[Capabilities {browserName: chrome, goog:chromeOptions: {args: [--remote-allow-origins=*, --no-sandbox, --disable-dev-shm-usage, --headless], extensions: []}}]}]
	at praktikum.AuthTests.startUp(AuthTests.java:52)
</error>
  </testcase>
  <testcase name="authLinkFromForgotPasswordFormIsSuccess[Browser chrome]" classname="praktikum.AuthTests" time="0.85">
    <error message="Cannot invoke &quot;org.openqa.selenium.WebDriver.quit()&quot; because &quot;this.webDriver&quot; is null" type="java.lang.NullPointerException">java.lang.NullPointerException: Cannot invoke "org.openqa.selenium.WebDriver.quit()" because "this.webDriver" is null
	at praktikum.AuthTests.tearDown(AuthTests.java:74)
</error>
  </testcase>
  <testcase name="authFromLinkToProfileIsSuccess[Browser yandex]" classname="praktikum.AuthTests" time="0.366">
    <error message="Could not start a new session. Response code 500. Message: session not created&#10;from unknown error: no chrome binary at C:/Users/qwerty/AppData/Local/Yandex/YandexBrowser/Application/browser.exe &#10;Host info: host: &apos;LAPTOP-1EDPGQOO&apos;, ip: &apos;192.168.136.1&apos;&#10;Build info: version: &apos;4.11.0&apos;, revision: &apos;040bc5406b&apos;&#10;System info: os.name: &apos;Windows 11&apos;, os.arch: &apos;amd64&apos;, os.version: &apos;10.0&apos;, java.version: &apos;17.0.4.1&apos;&#10;Driver info: org.openqa.selenium.chrome.ChromeDriver&#10;Command: [null, newSession {capabilities=[Capabilities {browserName: chrome, goog:chromeOptions: {args: [--remote-allow-origins=*, --no-sandbox, --disable-dev-shm-usage, --headless], binary: C:/Users/qwerty/AppData/Loc..., extensions: []}}]}]" type="org.openqa.selenium.SessionNotCreatedException">org.openqa.selenium.SessionNotCreatedException: 
Could not start a new session. Response code 500. Message: session not created
from unknown error: no chrome binary at C:/Users/qwerty/AppData/Local/Yandex/YandexBrowser/Application/browser.exe 
Host info: host: 'LAPTOP-1EDPGQOO', ip: '192.168.136.1'
Build info: version: '4.11.0', revision: '040bc5406b'
System info: os.name: 'Windows 11', os.arch: 'amd64', os.version: '10.0', java.version: '17.0.4.1'
Driver info: org.openqa.selenium.chrome.ChromeDriver
Command: [null, newSession {capabilities=[Capabilities {browserName: chrome, goog:chromeOptions: {args: [--remote-allow-origins=*, --no-sandbox, --disable-dev-shm-usage, --headless], binary: C:/Users/qwerty/AppData/Loc..., extensions: []}}]}]
	at praktikum.AuthTests.startUp(AuthTests.java:52)
</error>
  </testcase>
  <testcase name="authFromLinkToProfileIsSuccess[Browser yandex]" classname="praktikum.AuthTests" time="0.366">
    <error message="Cannot invoke &quot;org.openqa.selenium.WebDriver.quit()&quot; because &quot;this.webDriver&quot; is null" type="java.lang.NullPointerException">java.lang.NullPointerException: Cannot invoke "org.openqa.selenium.WebDriver.quit()" because "this.webDriver" is null
	at praktikum.AuthTests.tearDown(AuthTests.java:74)
</error>
  </testcase>
  <testcase name="authFromMainIsSuccess[Browser yandex]" classname="praktikum.AuthTests" time="0.232">
    <error message="Could not start a new session. Response code 500. Message: session not created&#10;from unknown error: no chrome binary at C:/Users/qwerty/AppData/Local/Yandex/YandexBrowser/Application/browser.exe &#10;Host info: host: &apos;LAPTOP-1EDPGQOO&apos;, ip: &apos;192.168.136.1&apos;&#10;Build info: version: &apos;4.11.0&apos;, revision: &apos;040bc5406b&apos;&#10;System info: os.name: &apos;Windows 11&apos;, os.arch: &apos;amd64&apos;, os.version: &apos;10.0&apos;, java.version: &apos;17.0.4.1&apos;&#10;Driver info: org.openqa.selenium.chrome.ChromeDriver&#10;Command: [null, newSession {capabilities=[Capabilities {browserName: chrome, goog:chromeOptions: {args: [--remote-allow-origins=*, --no-sandbox, --disable-dev-shm-usage, --headless], binary: C:/Users/qwerty/AppData/Loc..., extensions: []}}]}]" type="org.openqa.selenium.SessionNotCreatedException">org.openqa.selenium.SessionNotCreatedException: 
Could not start a new session. Response code 500. Message: session not created
from unknown error: no chrome binary at C:/Users/qwerty/AppData/Local/Yandex/YandexBrowser/Application/browser.exe 
Host info: host: 'LAPTOP-1EDPGQOO', ip: '192.168.136.1'
Build info: version: '4.11.0', revision: '040bc5406b'
System info: os.name: 'Windows 11', os.arch: 'amd64', os.version: '10.0', java.version: '17.0.4.1'
Driver info: org.openqa.selenium.chrome.ChromeDriver
Command: [null, newSession {capabilities=[Capabilities {browserName: chrome, goog:chromeOptions: {args: [--remote-allow-origins=*, --no-sandbox, --disable-dev-shm-usage, --headless], binary: C:/Users/qwerty/AppData/Loc..., extensions: []}}]}]
	at praktikum.AuthTests.startUp(AuthTests.java:52)
</error>
  </testcase>
  <testcase name="authFromMainIsSuccess[Browser yandex]" classname="praktikum.AuthTests" time="0.232">
    <error message="Cannot invoke &quot;org.openqa.selenium.WebDriver.quit()&quot; because &quot;this.webDriver&quot; is null" type="java.lang.NullPointerException">java.lang.NullPointerException: Cannot invoke "org.openqa.selenium.WebDriver.quit()" because "this.webDriver" is null
	at praktikum.AuthTests.tearDown(AuthTests.java:74)
</error>
  </testcase>
  <testcase name="authLinkFromRegFormIsSuccess[Browser yandex]" classname="praktikum.AuthTests" time="0.207">
    <error message="Could not start a new session. Response code 500. Message: session not created&#10;from unknown error: no chrome binary at C:/Users/qwerty/AppData/Local/Yandex/YandexBrowser/Application/browser.exe &#10;Host info: host: &apos;LAPTOP-1EDPGQOO&apos;, ip: &apos;192.168.136.1&apos;&#10;Build info: version: &apos;4.11.0&apos;, revision: &apos;040bc5406b&apos;&#10;System info: os.name: &apos;Windows 11&apos;, os.arch: &apos;amd64&apos;, os.version: &apos;10.0&apos;, java.version: &apos;17.0.4.1&apos;&#10;Driver info: org.openqa.selenium.chrome.ChromeDriver&#10;Command: [null, newSession {capabilities=[Capabilities {browserName: chrome, goog:chromeOptions: {args: [--remote-allow-origins=*, --no-sandbox, --disable-dev-shm-usage, --headless], binary: C:/Users/qwerty/AppData/Loc..., extensions: []}}]}]" type="org.openqa.selenium.SessionNotCreatedException">org.openqa.selenium.SessionNotCreatedException: 
Could not start a new session. Response code 500. Message: session not created
from unknown error: no chrome binary at C:/Users/qwerty/AppData/Local/Yandex/YandexBrowser/Application/browser.exe 
Host info: host: 'LAPTOP-1EDPGQOO', ip: '192.168.136.1'
Build info: version: '4.11.0', revision: '040bc5406b'
System info: os.name: 'Windows 11', os.arch: 'amd64', os.version: '10.0', java.version: '17.0.4.1'
Driver info: org.openqa.selenium.chrome.ChromeDriver
Command: [null, newSession {capabilities=[Capabilities {browserName: chrome, goog:chromeOptions: {args: [--remote-allow-origins=*, --no-sandbox, --disable-dev-shm-usage, --headless], binary: C:/Users/qwerty/AppData/Loc..., extensions: []}}]}]
	at praktikum.AuthTests.startUp(AuthTests.java:52)
</error>
  </testcase>
  <testcase name="authLinkFromRegFormIsSuccess[Browser yandex]" classname="praktikum.AuthTests" time="0.207">
    <error message="Cannot invoke &quot;org.openqa.selenium.WebDriver.quit()&quot; because &quot;this.webDriver&quot; is null" type="java.lang.NullPointerException">java.lang.NullPointerException: Cannot invoke "org.openqa.selenium.WebDriver.quit()" because "this.webDriver" is null
	at praktikum.AuthTests.tearDown(AuthTests.java:74)
</error>
  </testcase>
  <testcase name="authLinkFromForgotPasswordFormIsSuccess[Browser yandex]" classname="praktikum.AuthTests" time="0.252">
    <error message="Could not start a new session. Response code 500. Message: session not created&#10;from unknown error: no chrome binary at C:/Users/qwerty/AppData/Local/Yandex/YandexBrowser/Application/browser.exe &#10;Host info: host: &apos;LAPTOP-1EDPGQOO&apos;, ip: &apos;192.168.136.1&apos;&#10;Build info: version: &apos;4.11.0&apos;, revision: &apos;040bc5406b&apos;&#10;System info: os.name: &apos;Windows 11&apos;, os.arch: &apos;amd64&apos;, os.version: &apos;10.0&apos;, java.version: &apos;17.0.4.1&apos;&#10;Driver info: org.openqa.selenium.chrome.ChromeDriver&#10;Command: [null, newSession {capabilities=[Capabilities {browserName: chrome, goog:chromeOptions: {args: [--remote-allow-origins=*, --no-sandbox, --disable-dev-shm-usage, --headless], binary: C:/Users/qwerty/AppData/Loc..., extensions: []}}]}]" type="org.openqa.selenium.SessionNotCreatedException">org.openqa.selenium.SessionNotCreatedException: 
Could not start a new session. Response code 500. Message: session not created
from unknown error: no chrome binary at C:/Users/qwerty/AppData/Local/Yandex/YandexBrowser/Application/browser.exe 
Host info: host: 'LAPTOP-1EDPGQOO', ip: '192.168.136.1'
Build info: version: '4.11.0', revision: '040bc5406b'
System info: os.name: 'Windows 11', os.arch: 'amd64', os.version: '10.0', java.version: '17.0.4.1'
Driver info: org.openqa.selenium.chrome.ChromeDriver
Command: [null, newSession {capabilities=[Capabilities {browserName: chrome, goog:chromeOptions: {args: [--remote-allow-origins=*, --no-sandbox, --disable-dev-shm-usage, --headless], binary: C:/Users/qwerty/AppData/Loc..., extensions: []}}]}]
	at praktikum.AuthTests.startUp(AuthTests.java:52)
</error>
  </testcase>
  <testcase name="authLinkFromForgotPasswordFormIsSuccess[Browser yandex]" classname="praktikum.AuthTests" time="0.252">
    <error message="Cannot invoke &quot;org.openqa.selenium.WebDriver.quit()&quot; because &quot;this.webDriver&quot; is null" type="java.lang.NullPointerException">java.lang.NullPointerException: Cannot invoke "org.openqa.selenium.WebDriver.quit()" because "this.webDriver" is null
	at praktikum.AuthTests.tearDown(AuthTests.java:74)
</error>
  </testcase>
</testsuite>